<?xml version="1.0" encoding="UTF-8"?>
<Site BuildName="Linux-c++"
	BuildStamp="20250711-0709-Experimental"
	Name="senlee-Legion-Y7000P-IAH7"
	Generator="ctest-3.22.1"
	CompilerName="/usr/bin/c++"
	CompilerVersion="11.4.0"
	OSName="Linux"
	Hostname="senlee-Legion-Y7000P-IAH7"
	OSRelease="6.8.0-60-generic"
	OSVersion="#63~22.04.1-Ubuntu SMP PREEMPT_DYNAMIC Tue Apr 22 19:00:15 UTC 2"
	OSPlatform="x86_64"
	Is64Bits="1"
	VendorString="GenuineIntel"
	VendorID="Intel Corporation"
	FamilyID="6"
	ModelID="154"
	ProcessorCacheSize="24576"
	NumberOfLogicalCPU="20"
	NumberOfPhysicalCPU="14"
	TotalVirtualMemory="15623"
	TotalPhysicalMemory="23754"
	LogicalProcessorsPerPhysical="1"
	ProcessorClockFrequency="400.864"
	>
	<Build>
		<StartDateTime>Jul 11 15:09 CST</StartDateTime>
		<StartBuildTime>1752217761</StartBuildTime>
		<BuildCommand>/usr/bin/cmake --build . --config "Debug"</BuildCommand>
		<Log Encoding="base64" Compression="bin/gzip"/>
		<EndDateTime>Jul 11 15:09 CST</EndDateTime>
		<EndBuildTime>1752217761</EndBuildTime>
		<ElapsedMinutes>0</ElapsedMinutes>
	</Build>
</Site>
